Adapter #0

==============================================================================
                    Versions
                ================
Product Name    : MegaRAID SAS 8708ELP
Serial No       : K029831808
FW Package Build: 8.0.1-0023

                    Mfg. Data
                ================
Mfg. Date       : 06/01/08
Rework Date     : 00/00/00
Revision No     : 
Battery FRU     : N/A

                Image Versions in Flash:
                ================
FW Version         : 1.12.62-0364
BIOS Version       : NT16
WebBIOS Version    : 1.1-33c-e_11-Rel
Ctrl-R Version     : 1.01-010B
Preboot CLI Version: 01.00-011:#%00001
Boot Block Version : 1.00.00.01-0010

                Pending Images in Flash
                ================
None

                PCI Info
                ================
Vendor Id       : 1000
Device Id       : 0060
SubVendorId     : 1000
SubDeviceId     : 100a

Host Interface  : PCIE

Number of Frontend Port: 0 
Device Interface  : PCIE

Number of Backend Port: 8 
Port  :  Address
0        3f2d545687b0a174 
1        67714203a06c6a6b 
2        686b4203a06c6a6b 
3        676d4203a06c6a6b 
4        05221e04696e7926 
5        3f2d545687aeab74 
6        70878737b0bef7c0 
7        7087873aabccfac0 

                HW Configuration
                ================
SAS Address      : 500605b000912d90
BBU              : Absent
Alarm            : Present
NVRAM            : Present
Serial Debugger  : Present
Memory           : Present
Flash            : Present
Memory Size      : 128MB
TPM              : Absent
On board Expander: Absent
Upgrade Key      : Absent
Temperature sensor for ROC    : Absent
Temperature sensor for controller    : Absent


                Settings
                ================
Current Time                     : 11:22:17 4/11, 2013
Predictive Fail Poll Interval    : 300sec
Interrupt Throttle Active Count  : 16
Interrupt Throttle Completion    : 50us
Rebuild Rate                     : 30%
PR Rate                          : 30%
BGI Rate                         : 30%
Check Consistency Rate           : 30%
Reconstruction Rate              : 30%
Cache Flush Interval             : 4s
Max Drives to Spinup at One Time : 2
Delay Among Spinup Groups        : 12s
Physical Drive Coercion Mode     : 1GB
Cluster Mode                     : Disabled
Alarm                            : Enabled
Auto Rebuild                     : Enabled
Battery Warning                  : Disabled
Ecc Bucket Size                  : 15
Ecc Bucket Leak Rate             : 1440 Minutes
Restore HotSpare on Insertion    : Disabled
Expose Enclosure Devices         : Enabled
Maintain PD Fail History         : Enabled
Host Request Reordering          : Enabled
Auto Detect BackPlane Enabled    : SGPIO/i2c SEP
Load Balance Mode                : Auto
Use FDE Only                     : No
Security Key Assigned            : No
Security Key Failed              : No
Security Key Not Backedup        : No
Default LD PowerSave Policy      : Controller Defined
Maximum number of direct attached drives to spin up in 1 min : 0 
Any Offline VD Cache Preserved   : No
Allow Boot with Preserved Cache  : No
Disable Online Controller Reset  : No
PFK in NVRAM                     : No
Use disk activity for locate     : No

                Capabilities
                ================
RAID Level Supported             : RAID0, RAID1, RAID5, RAID6, RAID00, RAID10, RAID50, RAID60, SRL 3 supported
Supported Drives                 : SAS, SATA

Allowed Mixing:

Mix in Enclosure Allowed
Mix of SAS/SATA of HDD type in VD Allowed

                Status
                ================
ECC Bucket Count                 : 0

                Limitations
                ================
Max Arms Per VD          : 32 
Max Spans Per VD         : 8 
Max Arrays               : 128 
Max Number of VDs        : 64 
Max Parallel Commands    : 1008 
Max SGE Count            : 80 
Max Data Transfer Size   : 8192 sectors 
Max Strips PerIO         : 42 
Min Strip Size           : 8 KB
Max Strip Size           : 1.0 MB
Max Configurable CacheCade Size: 0 GB
Current Size of CacheCade      : 0 GB
Current Size of FW Cache       : 0 MB

                Device Present
                ================
Virtual Drives    : 2 
  Degraded        : 1 
  Offline         : 0 
Physical Devices  : 8 
  Disks           : 8 
  Critical Disks  : 0 
  Failed Disks    : 1 

                Supported Adapter Operations
                ================
Rebuild Rate                    : Yes
CC Rate                         : Yes
BGI Rate                        : Yes
Reconstruct Rate                : Yes
Patrol Read Rate                : Yes
Alarm Control                   : Yes
Cluster Support                 : No
BBU                             : Yes
Spanning                        : Yes
Dedicated Hot Spare             : Yes
Revertible Hot Spares           : No
Foreign Config Import           : Yes
Self Diagnostic                 : Yes
Allow Mixed Redundancy on Array : No
Global Hot Spares               : Yes
Deny SCSI Passthrough           : No
Deny SMP Passthrough            : No
Deny STP Passthrough            : No
Support Security                : No
Snapshot Enabled                : No
Support the OCE without adding drives : No
Support PFK                     : No

                Supported VD Operations
                ================
Read Policy          : Yes
Write Policy         : Yes
IO Policy            : Yes
Access Policy        : Yes
Disk Cache Policy    : Yes
Reconstruction       : Yes
Deny Locate          : No
Deny CC              : No
Allow Ctrl Encryption: No
Enable LDBBM         : No
Support Breakmirror  : No
Power Savings        : No

                Supported PD Operations
                ================
Force Online                            : Yes
Force Offline                           : Yes
Force Rebuild                           : Yes
Deny Force Failed                       : No
Deny Force Good/Bad                     : No
Deny Missing Replace                    : No
Deny Clear                              : No
Deny Locate                             : No
Support Temperature                     : No
Disable Copyback                        : No
Enable JBOD                             : No
Enable Copyback on SMART                : No
Enable Copyback to SSD on SMART Error   : No
Enable SSD Patrol Read                  : No
PR Correct Unconfigured Areas           : No
                Error Counters
                ================
Memory Correctable Errors   : 0 
Memory Uncorrectable Errors : 0 

                Cluster Information
                ================
Cluster Permitted     : No
Cluster Active        : No

                Default Settings
                ================
Phy Polarity                     : 0 
Phy PolaritySplit                : 240 
Background Rate                  : 30 
Strip Size                       : 64kB
Flush Time                       : 4 seconds
Write Policy                     : WB
Read Policy                      : None
Cache When BBU Bad               : Disabled
Cached IO                        : No
SMART Mode                       : Mode 6
Alarm Disable                    : Yes
Coercion Mode                    : 1GB
ZCR Config                       : Unknown
Dirty LED Shows Drive Activity   : No
BIOS Continue on Error           : No
Spin Down Mode                   : None
Allowed Device Type              : SAS/SATA Mix
Allow Mix in Enclosure           : Yes
Allow HDD SAS/SATA Mix in VD     : Yes
Allow SSD SAS/SATA Mix in VD     : No
Allow HDD/SSD Mix in VD          : No
Allow SATA in Cluster            : No
Max Chained Enclosures           : 3 
Disable Ctrl-R                   : Yes
Enable Web BIOS                  : Yes
Direct PD Mapping                : No
BIOS Enumerate VDs               : Yes
Restore Hot Spare on Insertion   : No
Expose Enclosure Devices         : Yes
Maintain PD Fail History         : Yes
Disable Puncturing               : No
Zero Based Enclosure Enumeration : No
PreBoot CLI Enabled              : Yes
LED Show Drive Activity          : No
Cluster Disable                  : Yes
SAS Disable                      : No
Auto Detect BackPlane Enable     : SGPIO/i2c SEP
Use FDE Only                     : No
Enable Led Header                : No
Delay during POST                : 0 
EnableCrashDump                  : No
Disable Online Controller Reset  : No
EnableLDBBM                      : No
Un-Certified Hard Disk Drives    : Block
Treat Single span R1E as R10     : No
Max LD per array                 : 16
Power Saving option              : All power saving options are enabled
Default spin down time in minutes: 0 
Enable JBOD                      : No
Time taken to detect CME         : 60s

Exit Code: 0x00
Adapter #0

Enclosure Device ID: N/A
Slot Number: 14
Enclosure position: 0
Device Id: 14
Sequence Number: 2
Media Error Count: 0
Other Error Count: 47653
Predictive Failure Count: 0
Last Predictive Failure Event Seq Number: 0
PD Type: SATA
Raw Size: 465.761 GB [0x3a386030 Sectors]
Non Coerced Size: 465.261 GB [0x3a286030 Sectors]
Coerced Size: 464.729 GB [0x3a175800 Sectors]
Firmware state: Online, Spun Up
SAS Address(0): 0x3f2d545687aeab74
Connected Port Number: 5(path0) 
Inquiry Data:       KRVN65ZAHN9PUFHDS725050KLA360                         K2AOAB0A
FDE Capable: Not Capable
FDE Enable: Disable
Secured: Unsecured
Locked: Unlocked
Needs EKM Attention: No
Foreign State: None 
Device Speed: Unknown 
Link Speed: Unknown 
Media Type: Hard Disk Device
Drive Temperature :0C (32.00 F)



Enclosure Device ID: N/A
Slot Number: 16
Enclosure position: 0
Device Id: 16
Sequence Number: 2
Media Error Count: 0
Other Error Count: 47653
Predictive Failure Count: 0
Last Predictive Failure Event Seq Number: 0
PD Type: SATA
Raw Size: 465.761 GB [0x3a386030 Sectors]
Non Coerced Size: 465.261 GB [0x3a286030 Sectors]
Coerced Size: 464.729 GB [0x3a175800 Sectors]
Firmware state: Online, Spun Up
SAS Address(0): 0x3f2d545687b0a174
Connected Port Number: 0(path0) 
Inquiry Data:       KRVN65ZAHN9RKFHDS725050KLA360                         K2AOAB0A
FDE Capable: Not Capable
FDE Enable: Disable
Secured: Unsecured
Locked: Unlocked
Needs EKM Attention: No
Foreign State: None 
Device Speed: Unknown 
Link Speed: Unknown 
Media Type: Hard Disk Device
Drive Temperature :0C (32.00 F)



Enclosure Device ID: N/A
Slot Number: 17
Enclosure position: 0
Device Id: 17
Sequence Number: 2
Media Error Count: 0
Other Error Count: 47653
Predictive Failure Count: 0
Last Predictive Failure Event Seq Number: 0
PD Type: SATA
Raw Size: 465.761 GB [0x3a386030 Sectors]
Non Coerced Size: 465.261 GB [0x3a286030 Sectors]
Coerced Size: 464.729 GB [0x3a175800 Sectors]
Firmware state: Hotspare, Spun Up
SAS Address(0): 0x5221e04696e7926
Connected Port Number: 4(path0) 
Inquiry Data:             5QG0F8R0ST3500630AS                             3.AAJ   
FDE Capable: Not Capable
FDE Enable: Disable
Secured: Unsecured
Locked: Unlocked
Needs EKM Attention: No
Foreign State: None 
Device Speed: Unknown 
Link Speed: Unknown 
Media Type: Hard Disk Device
Drive Temperature :0C (32.00 F)


Hotspare Information: 
Type: Dedicated
Array #: 0

Enclosure Device ID: N/A
Slot Number: 19
Enclosure position: 0
Device Id: 19
Sequence Number: 2
Media Error Count: 32
Other Error Count: 47668
Predictive Failure Count: 0
Last Predictive Failure Event Seq Number: 0
PD Type: SATA
Raw Size: 931.512 GB [0x74706db0 Sectors]
Non Coerced Size: 931.012 GB [0x74606db0 Sectors]
Coerced Size: 930.390 GB [0x744c8000 Sectors]
Firmware state: Online, Spun Up
SAS Address(0): 0x67714203a06c6a6b
Connected Port Number: 1(path0) 
Inquiry Data: S246J90B247156      SAMSUNG HD103SJ                         1AJ10001
FDE Capable: Not Capable
FDE Enable: Disable
Secured: Unsecured
Locked: Unlocked
Needs EKM Attention: No
Foreign State: None 
Device Speed: Unknown 
Link Speed: Unknown 
Media Type: Hard Disk Device
Drive Temperature :0C (32.00 F)



Enclosure Device ID: N/A
Slot Number: 20
Enclosure position: 0
Device Id: 20
Sequence Number: 2
Media Error Count: 19
Other Error Count: 47663
Predictive Failure Count: 0
Last Predictive Failure Event Seq Number: 0
PD Type: SATA
Raw Size: 931.512 GB [0x74706db0 Sectors]
Non Coerced Size: 931.012 GB [0x74606db0 Sectors]
Coerced Size: 930.390 GB [0x744c8000 Sectors]
Firmware state: Online, Spun Up
SAS Address(0): 0x686b4203a06c6a6b
Connected Port Number: 2(path0) 
Inquiry Data: S246J90B247160      SAMSUNG HD103SJ                         1AJ10001
FDE Capable: Not Capable
FDE Enable: Disable
Secured: Unsecured
Locked: Unlocked
Needs EKM Attention: No
Foreign State: None 
Device Speed: Unknown 
Link Speed: Unknown 
Media Type: Hard Disk Device
Drive Temperature :0C (32.00 F)



Enclosure Device ID: N/A
Slot Number: 21
Enclosure position: 0
Device Id: 21
Sequence Number: 3
Media Error Count: 152
Other Error Count: 47695
Predictive Failure Count: 0
Last Predictive Failure Event Seq Number: 0
PD Type: SATA
Raw Size: 931.512 GB [0x74706db0 Sectors]
Non Coerced Size: 931.012 GB [0x74606db0 Sectors]
Coerced Size: 930.390 GB [0x744c8000 Sectors]
Firmware state: Failed
SAS Address(0): 0x676d4203a06c6a6b
Connected Port Number: 3(path0) 
Inquiry Data: S246J90B247152      SAMSUNG HD103SJ                         1AJ10001
FDE Capable: Not Capable
FDE Enable: Disable
Secured: Unsecured
Locked: Unlocked
Needs EKM Attention: No
Foreign State: None 
Device Speed: Unknown 
Link Speed: Unknown 
Media Type: Hard Disk Device
Drive Temperature :0C (32.00 F)



Enclosure Device ID: N/A
Slot Number: 22
Enclosure position: 0
Device Id: 22
Sequence Number: 2
Media Error Count: 0
Other Error Count: 47653
Predictive Failure Count: 0
Last Predictive Failure Event Seq Number: 0
PD Type: SATA
Raw Size: 931.512 GB [0x74706db0 Sectors]
Non Coerced Size: 931.012 GB [0x74606db0 Sectors]
Coerced Size: 930.390 GB [0x744c8000 Sectors]
Firmware state: Online, Spun Up
SAS Address(0): 0x70878737b0bef7c0
Connected Port Number: 6(path0) 
Inquiry Data:       JP9911HZ15W4RUHitachi HDS721010CLA332                 JP4OA3MA
FDE Capable: Not Capable
FDE Enable: Disable
Secured: Unsecured
Locked: Unlocked
Needs EKM Attention: No
Foreign State: None 
Device Speed: Unknown 
Link Speed: Unknown 
Media Type: Hard Disk Device
Drive Temperature :0C (32.00 F)



Enclosure Device ID: N/A
Slot Number: 23
Enclosure position: 0
Device Id: 23
Sequence Number: 2
Media Error Count: 0
Other Error Count: 47653
Predictive Failure Count: 0
Last Predictive Failure Event Seq Number: 0
PD Type: SATA
Raw Size: 931.512 GB [0x74706db0 Sectors]
Non Coerced Size: 931.012 GB [0x74606db0 Sectors]
Coerced Size: 930.390 GB [0x744c8000 Sectors]
Firmware state: Online, Spun Up
SAS Address(0): 0x7087873aabccfac0
Connected Port Number: 7(path0) 
Inquiry Data:       JP9911HZ18RBUUHitachi HDS721010CLA332                 JP4OA3MA
FDE Capable: Not Capable
FDE Enable: Disable
Secured: Unsecured
Locked: Unlocked
Needs EKM Attention: No
Foreign State: None 
Device Speed: Unknown 
Link Speed: Unknown 
Media Type: Hard Disk Device
Drive Temperature :0C (32.00 F)




Exit Code: 0x00
Adapter #0

Enclosure Device ID: N/A
Slot Number: 14
Enclosure position: 0
Device Id: 14
Sequence Number: 2
Media Error Count: 0
Other Error Count: 47655
Predictive Failure Count: 0
Last Predictive Failure Event Seq Number: 0
PD Type: SATA
Raw Size: 465.761 GB [0x3a386030 Sectors]
Non Coerced Size: 465.261 GB [0x3a286030 Sectors]
Coerced Size: 464.729 GB [0x3a175800 Sectors]
Firmware state: Online, Spun Up
SAS Address(0): 0x3f2d545687aeab74
Connected Port Number: 5(path0) 
Inquiry Data:       KRVN65ZAHN9PUFHDS725050KLA360                         K2AOAB0A
FDE Capable: Not Capable
FDE Enable: Disable
Secured: Unsecured
Locked: Unlocked
Needs EKM Attention: No
Foreign State: None 
Device Speed: Unknown 
Link Speed: Unknown 
Media Type: Hard Disk Device
Drive Temperature :0C (32.00 F)



Enclosure Device ID: N/A
Slot Number: 16
Enclosure position: 0
Device Id: 16
Sequence Number: 2
Media Error Count: 0
Other Error Count: 47655
Predictive Failure Count: 0
Last Predictive Failure Event Seq Number: 0
PD Type: SATA
Raw Size: 465.761 GB [0x3a386030 Sectors]
Non Coerced Size: 465.261 GB [0x3a286030 Sectors]
Coerced Size: 464.729 GB [0x3a175800 Sectors]
Firmware state: Online, Spun Up
SAS Address(0): 0x3f2d545687b0a174
Connected Port Number: 0(path0) 
Inquiry Data:       KRVN65ZAHN9RKFHDS725050KLA360                         K2AOAB0A
FDE Capable: Not Capable
FDE Enable: Disable
Secured: Unsecured
Locked: Unlocked
Needs EKM Attention: No
Foreign State: None 
Device Speed: Unknown 
Link Speed: Unknown 
Media Type: Hard Disk Device
Drive Temperature :0C (32.00 F)



Enclosure Device ID: N/A
Slot Number: 17
Enclosure position: 0
Device Id: 17
Sequence Number: 2
Media Error Count: 0
Other Error Count: 47655
Predictive Failure Count: 0
Last Predictive Failure Event Seq Number: 0
PD Type: SATA
Raw Size: 465.761 GB [0x3a386030 Sectors]
Non Coerced Size: 465.261 GB [0x3a286030 Sectors]
Coerced Size: 464.729 GB [0x3a175800 Sectors]
Firmware state: Hotspare, Spun Up
SAS Address(0): 0x5221e04696e7926
Connected Port Number: 4(path0) 
Inquiry Data:             5QG0F8R0ST3500630AS                             3.AAJ   
FDE Capable: Not Capable
FDE Enable: Disable
Secured: Unsecured
Locked: Unlocked
Needs EKM Attention: No
Foreign State: None 
Device Speed: Unknown 
Link Speed: Unknown 
Media Type: Hard Disk Device
Drive Temperature :0C (32.00 F)


Hotspare Information: 
Type: Dedicated
Array #: 0

Enclosure Device ID: N/A
Slot Number: 19
Enclosure position: 0
Device Id: 19
Sequence Number: 2
Media Error Count: 32
Other Error Count: 47670
Predictive Failure Count: 0
Last Predictive Failure Event Seq Number: 0
PD Type: SATA
Raw Size: 931.512 GB [0x74706db0 Sectors]
Non Coerced Size: 931.012 GB [0x74606db0 Sectors]
Coerced Size: 930.390 GB [0x744c8000 Sectors]
Firmware state: Online, Spun Up
SAS Address(0): 0x67714203a06c6a6b
Connected Port Number: 1(path0) 
Inquiry Data: S246J90B247156      SAMSUNG HD103SJ                         1AJ10001
FDE Capable: Not Capable
FDE Enable: Disable
Secured: Unsecured
Locked: Unlocked
Needs EKM Attention: No
Foreign State: None 
Device Speed: Unknown 
Link Speed: Unknown 
Media Type: Hard Disk Device
Drive Temperature :0C (32.00 F)



Enclosure Device ID: N/A
Slot Number: 20
Enclosure position: 0
Device Id: 20
Sequence Number: 2
Media Error Count: 19
Other Error Count: 47665
Predictive Failure Count: 0
Last Predictive Failure Event Seq Number: 0
PD Type: SATA
Raw Size: 931.512 GB [0x74706db0 Sectors]
Non Coerced Size: 931.012 GB [0x74606db0 Sectors]
Coerced Size: 930.390 GB [0x744c8000 Sectors]
Firmware state: Online, Spun Up
SAS Address(0): 0x686b4203a06c6a6b
Connected Port Number: 2(path0) 
Inquiry Data: S246J90B247160      SAMSUNG HD103SJ                         1AJ10001
FDE Capable: Not Capable
FDE Enable: Disable
Secured: Unsecured
Locked: Unlocked
Needs EKM Attention: No
Foreign State: None 
Device Speed: Unknown 
Link Speed: Unknown 
Media Type: Hard Disk Device
Drive Temperature :0C (32.00 F)



Adapter #0

Enclosure Device ID: N/A
Slot Number: 14
Enclosure position: 0
Device Id: 14
Sequence Number: 2
Media Error Count: 0
Other Error Count: 47656
Predictive Failure Count: 0
Last Predictive Failure Event Seq Number: 0
PD Type: SATA
Raw Size: 465.761 GB [0x3a386030 Sectors]
Non Coerced Size: 465.261 GB [0x3a286030 Sectors]
Coerced Size: 464.729 GB [0x3a175800 Sectors]
Firmware state: Online, Spun Up
SAS Address(0): 0x3f2d545687aeab74
Connected Port Number: 5(path0) 
Inquiry Data:       KRVN65ZAHN9PUFHDS725050KLA360                         K2AOAB0A
FDE Capable: Not Capable
FDE Enable: Disable
Secured: Unsecured
Locked: Unlocked
Needs EKM Attention: No
Foreign State: None 
Device Speed: Unknown 
Link Speed: Unknown 
Media Type: Hard Disk Device
Drive Temperature :0C (32.00 F)



Enclosure Device ID: N/A
Slot Number: 16
Enclosure position: 0
Device Id: 16
Sequence Number: 2
Media Error Count: 0
Other Error Count: 47656
Predictive Failure Count: 0
Last Predictive Failure Event Seq Number: 0
PD Type: SATA
Raw Size: 465.761 GB [0x3a386030 Sectors]
Non Coerced Size: 465.261 GB [0x3a286030 Sectors]
Coerced Size: 464.729 GB [0x3a175800 Sectors]
Firmware state: Online, Spun Up
SAS Address(0): 0x3f2d545687b0a174
Connected Port Number: 0(path0) 
Inquiry Data:       KRVN65ZAHN9RKFHDS725050KLA360                         K2AOAB0A
FDE Capable: Not Capable
FDE Enable: Disable
Secured: Unsecured
Locked: Unlocked
Needs EKM Attention: No
Foreign State: None 
Device Speed: Unknown 
Link Speed: Unknown 
Media Type: Hard Disk Device
Drive Temperature :0C (32.00 F)



Enclosure Device ID: N/A
Slot Number: 17
Enclosure position: 0
Device Id: 17
Sequence Number: 2
Media Error Count: 0
Other Error Count: 47656
Predictive Failure Count: 0
Last Predictive Failure Event Seq Number: 0
PD Type: SATA
Raw Size: 465.761 GB [0x3a386030 Sectors]
Non Coerced Size: 465.261 GB [0x3a286030 Sectors]
Coerced Size: 464.729 GB [0x3a175800 Sectors]
Firmware state: Hotspare, Spun Up
SAS Address(0): 0x5221e04696e7926
Connected Port Number: 4(path0) 
Inquiry Data:             5QG0F8R0ST3500630AS                             3.AAJ   
FDE Capable: Not Capable
FDE Enable: Disable
Secured: Unsecured
Locked: Unlocked
Needs EKM Attention: No
Foreign State: None 
Device Speed: Unknown 
Link Speed: Unknown 
Media Type: Hard Disk Device
Drive Temperature :0C (32.00 F)


Hotspare Information: 
Type: Dedicated
Array #: 0

Enclosure Device ID: N/A
Slot Number: 19
Enclosure position: 0
Device Id: 19
Sequence Number: 2
Media Error Count: 32
Other Error Count: 47671
Predictive Failure Count: 0
Last Predictive Failure Event Seq Number: 0
PD Type: SATA
Raw Size: 931.512 GB [0x74706db0 Sectors]
Non Coerced Size: 931.012 GB [0x74606db0 Sectors]
Coerced Size: 930.390 GB [0x744c8000 Sectors]
Firmware state: Online, Spun Up
SAS Address(0): 0x67714203a06c6a6b
Connected Port Number: 1(path0) 
Inquiry Data: S246J90B247156      SAMSUNG HD103SJ                         1AJ10001
FDE Capable: Not Capable
FDE Enable: Disable
Secured: Unsecured
Locked: Unlocked
Needs EKM Attention: No
Foreign State: None 
Device Speed: Unknown 
Link Speed: Unknown 
Media Type: Hard Disk Device
Drive Temperature :0C (32.00 F)



Enclosure Device ID: N/A
Slot Number: 20
Enclosure position: 0
Device Id: 20
Sequence Number: 2
Media Error Count: 19
Other Error Count: 47666
Predictive Failure Count: 0
Last Predictive Failure Event Seq Number: 0
PD Type: SATA
Raw Size: 931.512 GB [0x74706db0 Sectors]
Non Coerced Size: 931.012 GB [0x74606db0 Sectors]
Coerced Size: 930.390 GB [0x744c8000 Sectors]
Firmware state: Online, Spun Up
SAS Address(0): 0x686b4203a06c6a6b
Connected Port Number: 2(path0) 
Inquiry Data: S246J90B247160      SAMSUNG HD103SJ                         1AJ10001
FDE Capable: Not Capable
FDE Enable: Disable
Secured: Unsecured
Locked: Unlocked
Needs EKM Attention: No
Foreign State: None 
Device Speed: Unknown 
Link Speed: Unknown 
Media Type: Hard Disk Device
Drive Temperature :0C (32.00 F)



Enclosure Device ID: N/A
Slot Number: 21
Enclosure position: 0
Device Id: 21
Sequence Number: 3
Media Error Count: 152
Other Error Count: 47698
Predictive Failure Count: 0
Last Predictive Failure Event Seq Number: 0
PD Type: SATA
Raw Size: 931.512 GB [0x74706db0 Sectors]
Non Coerced Size: 931.012 GB [0x74606db0 Sectors]
Coerced Size: 930.390 GB [0x744c8000 Sectors]
Firmware state: Failed
SAS Address(0): 0x676d4203a06c6a6b
Connected Port Number: 3(path0) 
Inquiry Data: S246J90B247152      SAMSUNG HD103SJ                         1AJ10001
FDE Capable: Not Capable
FDE Enable: Disable
Secured: Unsecured
Locked: Unlocked
Needs EKM Attention: No
Foreign State: None 
Device Speed: Unknown 
Link Speed: Unknown 
Media Type: Hard Disk Device
Drive Temperature :0C (32.00 F)



Enclosure Device ID: N/A
Slot Number: 22
Enclosure position: 0
Device Id: 22
Sequence Number: 2
Media Error Count: 0
Other Error Count: 47655
Predictive Failure Count: 0
Last Predictive Failure Event Seq Number: 0
PD Type: SATA
Raw Size: 931.512 GB [0x74706db0 Sectors]
Non Coerced Size: 931.012 GB [0x74606db0 Sectors]
Coerced Size: 930.390 GB [0x744c8000 Sectors]
Firmware state: Online, Spun Up
SAS Address(0): 0x70878737b0bef7c0
Connected Port Number: 6(path0) 
Inquiry Data:       JP9911HZ15W4RUHitachi HDS721010CLA332                 JP4OA3MA
FDE Capable: Not Capable
FDE Enable: Disable
Secured: Unsecured
Locked: Unlocked
Needs EKM Attention: No
Foreign State: None 
Device Speed: Unknown 
Link Speed: Unknown 
Media Type: Hard Disk Device
Drive Temperature :0C (32.00 F)



Enclosure Device ID: N/A
Slot Number: 23
Enclosure position: 0
Device Id: 23
Sequence Number: 2
Media Error Count: 0
Other Error Count: 47655
Predictive Failure Count: 0
Last Predictive Failure Event Seq Number: 0
PD Type: SATA
Raw Size: 931.512 GB [0x74706db0 Sectors]
Non Coerced Size: 931.012 GB [0x74606db0 Sectors]
Coerced Size: 930.390 GB [0x744c8000 Sectors]
Firmware state: Online, Spun Up
SAS Address(0): 0x7087873aabccfac0
Connected Port Number: 7(path0) 
Inquiry Data:       JP9911HZ18RBUUHitachi HDS721010CLA332                 JP4OA3MA
FDE Capable: Not Capable
FDE Enable: Disable
Secured: Unsecured
Locked: Unlocked
Needs EKM Attention: No
Foreign State: None 
Device Speed: Unknown 
Link Speed: Unknown 
Media Type: Hard Disk Device
Drive Temperature :0C (32.00 F)




Exit Code: 0x00
Adapter #0

Enclosure Device ID: N/A
Slot Number: 14
Enclosure position: 0
Device Id: 14
Sequence Number: 2
Media Error Count: 0
Other Error Count: 47657
Predictive Failure Count: 0
Last Predictive Failure Event Seq Number: 0
PD Type: SATA
Raw Size: 465.761 GB [0x3a386030 Sectors]
Non Coerced Size: 465.261 GB [0x3a286030 Sectors]
Coerced Size: 464.729 GB [0x3a175800 Sectors]
Firmware state: Online, Spun Up
SAS Address(0): 0x3f2d545687aeab74
Connected Port Number: 5(path0) 
Inquiry Data:       KRVN65ZAHN9PUFHDS725050KLA360                         K2AOAB0A
FDE Capable: Not Capable
FDE Enable: Disable
Secured: Unsecured
Locked: Unlocked
Needs EKM Attention: No
Foreign State: None 
Device Speed: Unknown 
Link Speed: Unknown 
Media Type: Hard Disk Device
Drive Temperature :0C (32.00 F)



Enclosure Device ID: N/A
Slot Number: 16
Enclosure position: 0
Device Id: 16
Sequence Number: 2
Media Error Count: 0
Other Error Count: 47657
Predictive Failure Count: 0
Last Predictive Failure Event Seq Number: 0
PD Type: SATA
Raw Size: 465.761 GB [0x3a386030 Sectors]
Non Coerced Size: 465.261 GB [0x3a286030 Sectors]
Coerced Size: 464.729 GB [0x3a175800 Sectors]
Firmware state: Online, Spun Up
SAS Address(0): 0x3f2d545687b0a174
Connected Port Number: 0(path0) 
Inquiry Data:       KRVN65ZAHN9RKFHDS725050KLA360                         K2AOAB0A
FDE Capable: Not Capable
FDE Enable: Disable
Secured: Unsecured
Locked: Unlocked
Needs EKM Attention: No
Foreign State: None 
Device Speed: Unknown 
Link Speed: Unknown 
Media Type: Hard Disk Device
Drive Temperature :0C (32.00 F)



Enclosure Device ID: N/A
Slot Number: 17
Enclosure position: 0
Device Id: 17
Sequence Number: 2
Media Error Count: 0
Other Error Count: 47657
Predictive Failure Count: 0
Last Predictive Failure Event Seq Number: 0
PD Type: SATA
Raw Size: 465.761 GB [0x3a386030 Sectors]
Non Coerced Size: 465.261 GB [0x3a286030 Sectors]
Coerced Size: 464.729 GB [0x3a175800 Sectors]
Firmware state: Hotspare, Spun Up
SAS Address(0): 0x5221e04696e7926
Connected Port Number: 4(path0) 
Inquiry Data:             5QG0F8R0ST3500630AS                             3.AAJ   
FDE Capable: Not Capable
FDE Enable: Disable
Secured: Unsecured
Locked: Unlocked
Needs EKM Attention: No
Foreign State: None 
Device Speed: Unknown 
Link Speed: Unknown 
Media Type: Hard Disk Device
Drive Temperature :0C (32.00 F)


Hotspare Information: 
Type: Dedicated
Array #: 0

Enclosure Device ID: N/A
Slot Number: 19
Enclosure position: 0
Device Id: 19
Sequence Number: 2
Media Error Count: 32
Other Error Count: 47672
Predictive Failure Count: 0
Last Predictive Failure Event Seq Number: 0
PD Type: SATA
Raw Size: 931.512 GB [0x74706db0 Sectors]
Non Coerced Size: 931.012 GB [0x74606db0 Sectors]
Coerced Size: 930.390 GB [0x744c8000 Sectors]
Firmware state: Online, Spun Up
SAS Address(0): 0x67714203a06c6a6b
Connected Port Number: 1(path0) 
Inquiry Data: S246J90B247156      SAMSUNG HD103SJ                         1AJ10001
FDE Capable: Not Capable
FDE Enable: Disable
Secured: Unsecured
Locked: Unlocked
Needs EKM Attention: No
Foreign State: None 
Device Speed: Unknown 
Link Speed: Unknown 
Media Type: Hard Disk Device
Drive Temperature :0C (32.00 F)



Enclosure Device ID: N/A
Slot Number: 20
Enclosure position: 0
Device Id: 20
Sequence Number: 2
Media Error Count: 19
Other Error Count: 47667
Predictive Failure Count: 0
Last Predictive Failure Event Seq Number: 0
PD Type: SATA
Raw Size: 931.512 GB [0x74706db0 Sectors]
Non Coerced Size: 931.012 GB [0x74606db0 Sectors]
Coerced Size: 930.390 GB [0x744c8000 Sectors]
Firmware state: Online, Spun Up
SAS Address(0): 0x686b4203a06c6a6b
Connected Port Number: 2(path0) 
Inquiry Data: S246J90B247160      SAMSUNG HD103SJ                         1AJ10001
FDE Capable: Not Capable
FDE Enable: Disable
Secured: Unsecured
Locked: Unlocked
Needs EKM Attention: No
Foreign State: None 
Device Speed: Unknown 
Link Speed: Unknown 
Media Type: Hard Disk Device
Drive Temperature :0C (32.00 F)



Enclosure Device ID: N/A
Slot Number: 21
Enclosure position: 0
Device Id: 21
Sequence Number: 3
Media Error Count: 152
Other Error Count: 47699
Predictive Failure Count: 0
Last Predictive Failure Event Seq Number: 0
PD Type: SATA
Raw Size: 931.512 GB [0x74706db0 Sectors]
Non Coerced Size: 931.012 GB [0x74606db0 Sectors]
Coerced Size: 930.390 GB [0x744c8000 Sectors]
Firmware state: Failed
SAS Address(0): 0x676d4203a06c6a6b
Connected Port Number: 3(path0) 
Inquiry Data: S246J90B247152      SAMSUNG HD103SJ                         1AJ10001
FDE Capable: Not Capable
FDE Enable: Disable
Secured: Unsecured
Locked: Unlocked
Needs EKM Attention: No
Foreign State: None 
Device Speed: Unknown 
Link Speed: Unknown 
Media Type: Hard Disk Device
Drive Temperature :0C (32.00 F)



Enclosure Device ID: N/A
Slot Number: 22
Enclosure position: 0
Device Id: 22
Sequence Number: 2
Media Error Count: 0
Other Error Count: 47656
Predictive Failure Count: 0
Last Predictive Failure Event Seq Number: 0
PD Type: SATA
Raw Size: 931.512 GB [0x74706db0 Sectors]
Non Coerced Size: 931.012 GB [0x74606db0 Sectors]
Coerced Size: 930.390 GB [0x744c8000 Sectors]
Firmware state: Online, Spun Up
SAS Address(0): 0x70878737b0bef7c0
Connected Port Number: 6(path0) 
Inquiry Data:       JP9911HZ15W4RUHitachi HDS721010CLA332                 JP4OA3MA
FDE Capable: Not Capable
FDE Enable: Disable
Secured: Unsecured
Locked: Unlocked
Needs EKM Attention: No
Foreign State: None 
Device Speed: Unknown 
Link Speed: Unknown 
Media Type: Hard Disk Device
Drive Temperature :0C (32.00 F)



Enclosure Device ID: N/A
Slot Number: 23
Enclosure position: 0
Device Id: 23
Sequence Number: 2
Media Error Count: 0
Other Error Count: 47656
Predictive Failure Count: 0
Last Predictive Failure Event Seq Number: 0
PD Type: SATA
Raw Size: 931.512 GB [0x74706db0 Sectors]
Non Coerced Size: 931.012 GB [0x74606db0 Sectors]
Coerced Size: 930.390 GB [0x744c8000 Sectors]
Firmware state: Online, Spun Up
SAS Address(0): 0x7087873aabccfac0
Connected Port Number: 7(path0) 
Inquiry Data:       JP9911HZ18RBUUHitachi HDS721010CLA332                 JP4OA3MA
FDE Capable: Not Capable
FDE Enable: Disable
Secured: Unsecured
Locked: Unlocked
Needs EKM Attention: No
Foreign State: None 
Device Speed: Unknown 
Link Speed: Unknown 
Media Type: Hard Disk Device
Drive Temperature :0C (32.00 F)




Exit Code: 0x00
